<?xml version="1.0" encoding="utf-8"?><testsuites><testsuite name="pytest" errors="0" failures="38" skipped="156" tests="624" time="5.043" timestamp="2023-03-01T08:47:51.523283" hostname="Gabriels-MacBook-Pro.local"><testcase classname="pandas.tests.generic.test_finalize" name="test_binops[add-(int,Series)-left]" time="0.001"><skipped type="pytest.skip" message="left is an int and doesn't support .attrs">/Users/gabriel/Documents/KTH4/DD2480 Software Engineering Fundamentals/Assignment 4/pandas/pandas/tests/generic/test_finalize.py:503: left is an int and doesn't support .attrs</skipped></testcase><testcase classname="pandas.tests.generic.test_finalize" name="test_binops[add-(int,Series)-right]" time="0.001" /><testcase classname="pandas.tests.generic.test_finalize" name="test_binops[add-(int,Series)-both]" time="0.001" /><testcase classname="pandas.tests.generic.test_finalize" name="test_binops[add-(int,DataFrame)-left]" time="0.001"><skipped type="pytest.skip" message="left is an int and doesn't support .attrs">/Users/gabriel/Documents/KTH4/DD2480 Software Engineering Fundamentals/Assignment 4/pandas/pandas/tests/generic/test_finalize.py:503: left is an int and doesn't support .attrs</skipped></testcase><testcase classname="pandas.tests.generic.test_finalize" name="test_binops[add-(int,DataFrame)-right]" time="0.001" /><testcase classname="pandas.tests.generic.test_finalize" name="test_binops[add-(int,DataFrame)-both]" time="0.001" /><testcase classname="pandas.tests.generic.test_finalize" name="test_binops[add-(Series,int)-left]" time="0.001" /><testcase classname="pandas.tests.generic.test_finalize" name="test_binops[add-(Series,int)-right]" time="0.001"><skipped type="pytest.skip" message="right is an int and doesn't support .attrs">/Users/gabriel/Documents/KTH4/DD2480 Software Engineering Fundamentals/Assignment 4/pandas/pandas/tests/generic/test_finalize.py:505: right is an int and doesn't support .attrs</skipped></testcase><testcase classname="pandas.tests.generic.test_finalize" name="test_binops[add-(Series,int)-both]" time="0.001" /><testcase classname="pandas.tests.generic.test_finalize" name="test_binops[add-(DataFrame,int)-left]" time="0.001" /><testcase classname="pandas.tests.generic.test_finalize" name="test_binops[add-(DataFrame,int)-right]" time="0.001"><skipped type="pytest.skip" message="right is an int and doesn't support .attrs">/Users/gabriel/Documents/KTH4/DD2480 Software Engineering Fundamentals/Assignment 4/pandas/pandas/tests/generic/test_finalize.py:505: right is an int and doesn't support .attrs</skipped></testcase><testcase classname="pandas.tests.generic.test_finalize" name="test_binops[add-(DataFrame,int)-both]" time="0.001" /><testcase classname="pandas.tests.generic.test_finalize" name="test_binops[add-(Series,Series)-left]" time="0.001" /><testcase classname="pandas.tests.generic.test_finalize" name="test_binops[add-(Series,Series)-right]" time="0.001" /><testcase classname="pandas.tests.generic.test_finalize" name="test_binops[add-(Series,Series)-both]" time="0.001" /><testcase classname="pandas.tests.generic.test_finalize" name="test_binops[add-(DataFrame,DataFrame)-left]" time="0.002" /><testcase classname="pandas.tests.generic.test_finalize" name="test_binops[add-(DataFrame,DataFrame)-right]" time="0.004"><failure message="AssertionError: assert {} == {'a': 1}&#10;  Right contains 1 more item:&#10;  {'a': 1}&#10;  Use -v to get more diff">request = &lt;FixtureRequest for &lt;Function test_binops[add-(DataFrame,DataFrame)-right]&gt;&gt;, args = (   A
0  1,    A
0  1), annotate = 'right', all_binary_operators = &lt;built-in function add&gt;

    @pytest.mark.parametrize("annotate", ["left", "right", "both"])
    @pytest.mark.parametrize(
        "args",
        [
            (1, pd.Series([1])),
            (1, pd.DataFrame({"A": [1]})),
            (pd.Series([1]), 1),
            (pd.DataFrame({"A": [1]}), 1),
            (pd.Series([1]), pd.Series([1])),
            (pd.DataFrame({"A": [1]}), pd.DataFrame({"A": [1]})),
            (pd.Series([1]), pd.DataFrame({"A": [1]})),
            (pd.DataFrame({"A": [1]}), pd.Series([1])),
        ],
        ids=lambda x: f"({type(x[0]).__name__},{type(x[1]).__name__})",
    )
    def test_binops(request, args, annotate, all_binary_operators):
        # This generates 624 tests... Is that needed?
        left, right = args
        if isinstance(left, (pd.DataFrame, pd.Series)):
            left.attrs = {}
        if isinstance(right, (pd.DataFrame, pd.Series)):
            right.attrs = {}
    
        if annotate == "left" and isinstance(left, int):
            pytest.skip("left is an int and doesn't support .attrs")
        if annotate == "right" and isinstance(right, int):
            pytest.skip("right is an int and doesn't support .attrs")
    
        if not (isinstance(left, int) or isinstance(right, int)) and annotate != "both":
            if not all_binary_operators.__name__.startswith("r"):
                """ if annotate == "right" and isinstance(left, type(right)):
                    request.node.add_marker(
                        pytest.mark.xfail(
                            reason=f"{all_binary_operators} doesn't work when right has "
                            f"attrs and both are {type(left)}"
                        )
                    ) """
                if not isinstance(left, type(right)):
                    if annotate == "left" and isinstance(left, pd.Series):
                        request.node.add_marker(
                            pytest.mark.xfail(
                                reason=f"{all_binary_operators} doesn't work when the "
                                "objects are different Series has attrs"
                            )
                        )
                    elif annotate == "right" and isinstance(right, pd.Series):
                        request.node.add_marker(
                            pytest.mark.xfail(
                                reason=f"{all_binary_operators} doesn't work when the "
                                "objects are different Series has attrs"
                            )
                        )
            else:
                """ if annotate == "left" and isinstance(left, type(right)):
                    request.node.add_marker(
                        pytest.mark.xfail(
                            reason=f"{all_binary_operators} doesn't work when left has "
                            f"attrs and both are {type(left)}"
                        )
                    ) """
                if not isinstance(left, type(right)):
                    if annotate == "right" and isinstance(right, pd.Series):
                        request.node.add_marker(
                            pytest.mark.xfail(
                                reason=f"{all_binary_operators} doesn't work when the "
                                "objects are different Series has attrs"
                            )
                        )
                    elif annotate == "left" and isinstance(left, pd.Series):
                        request.node.add_marker(
                            pytest.mark.xfail(
                                reason=f"{all_binary_operators} doesn't work when the "
                                "objects are different Series has attrs"
                            )
                        )
        if annotate in {"left", "both"} and not isinstance(left, int):
            left.attrs = {"a": 1}
        if annotate in {"right", "both"} and not isinstance(right, int):
            right.attrs = {"a": 1}
    
        is_cmp = all_binary_operators in [
            operator.eq,
            operator.ne,
            operator.gt,
            operator.ge,
            operator.lt,
            operator.le,
        ]
        if is_cmp and isinstance(left, pd.DataFrame) and isinstance(right, pd.Series):
            # in 2.0 silent alignment on comparisons was removed xref GH#28759
            left, right = left.align(right, axis=1, copy=False)
        elif is_cmp and isinstance(left, pd.Series) and isinstance(right, pd.DataFrame):
            right, left = right.align(left, axis=1, copy=False)
    
        result = all_binary_operators(left, right)
&gt;       assert result.attrs == {"a": 1}
E       AssertionError: assert {} == {'a': 1}
E         Right contains 1 more item:
E         {'a': 1}
E         Use -v to get more diff

pandas/tests/generic/test_finalize.py:574: AssertionError</failure></testcase><testcase classname="pandas.tests.generic.test_finalize" name="test_binops[add-(DataFrame,DataFrame)-both]" time="0.001" /><testcase classname="pandas.tests.generic.test_finalize" name="test_binops[add-(Series,DataFrame)-left]" time="0.008"><skipped type="pytest.xfail" message="&lt;built-in function add&gt; doesn't work when the objects are different Series has attrs" /></testcase><testcase classname="pandas.tests.generic.test_finalize" name="test_binops[add-(Series,DataFrame)-right]" time="0.002" /><testcase classname="pandas.tests.generic.test_finalize" name="test_binops[add-(Series,DataFrame)-both]" time="0.003" /><testcase classname="pandas.tests.generic.test_finalize" name="test_binops[add-(DataFrame,Series)-left]" time="0.003" /><testcase classname="pandas.tests.generic.test_finalize" name="test_binops[add-(DataFrame,Series)-right]" time="0.007"><skipped type="pytest.xfail" message="&lt;built-in function add&gt; doesn't work when the objects are different Series has attrs" /></testcase><testcase classname="pandas.tests.generic.test_finalize" name="test_binops[add-(DataFrame,Series)-both]" time="0.003" /><testcase classname="pandas.tests.generic.test_finalize" name="test_binops[radd-(int,Series)-left]" time="0.001"><skipped type="pytest.skip" message="left is an int and doesn't support .attrs">/Users/gabriel/Documents/KTH4/DD2480 Software Engineering Fundamentals/Assignment 4/pandas/pandas/tests/generic/test_finalize.py:503: left is an int and doesn't support .attrs</skipped></testcase><testcase classname="pandas.tests.generic.test_finalize" name="test_binops[radd-(int,Series)-right]" time="0.002" /><testcase classname="pandas.tests.generic.test_finalize" name="test_binops[radd-(int,Series)-both]" time="0.001" /><testcase classname="pandas.tests.generic.test_finalize" name="test_binops[radd-(int,DataFrame)-left]" time="0.001"><skipped type="pytest.skip" message="left is an int and doesn't support .attrs">/Users/gabriel/Documents/KTH4/DD2480 Software Engineering Fundamentals/Assignment 4/pandas/pandas/tests/generic/test_finalize.py:503: left is an int and doesn't support .attrs</skipped></testcase><testcase classname="pandas.tests.generic.test_finalize" name="test_binops[radd-(int,DataFrame)-right]" time="0.001" /><testcase classname="pandas.tests.generic.test_finalize" name="test_binops[radd-(int,DataFrame)-both]" time="0.001" /><testcase classname="pandas.tests.generic.test_finalize" name="test_binops[radd-(Series,int)-left]" time="0.001" /><testcase classname="pandas.tests.generic.test_finalize" name="test_binops[radd-(Series,int)-right]" time="0.001"><skipped type="pytest.skip" message="right is an int and doesn't support .attrs">/Users/gabriel/Documents/KTH4/DD2480 Software Engineering Fundamentals/Assignment 4/pandas/pandas/tests/generic/test_finalize.py:505: right is an int and doesn't support .attrs</skipped></testcase><testcase classname="pandas.tests.generic.test_finalize" name="test_binops[radd-(Series,int)-both]" time="0.001" /><testcase classname="pandas.tests.generic.test_finalize" name="test_binops[radd-(DataFrame,int)-left]" time="0.001" /><testcase classname="pandas.tests.generic.test_finalize" name="test_binops[radd-(DataFrame,int)-right]" time="0.001"><skipped type="pytest.skip" message="right is an int and doesn't support .attrs">/Users/gabriel/Documents/KTH4/DD2480 Software Engineering Fundamentals/Assignment 4/pandas/pandas/tests/generic/test_finalize.py:505: right is an int and doesn't support .attrs</skipped></testcase><testcase classname="pandas.tests.generic.test_finalize" name="test_binops[radd-(DataFrame,int)-both]" time="0.002" /><testcase classname="pandas.tests.generic.test_finalize" name="test_binops[radd-(Series,Series)-left]" time="0.002" /><testcase classname="pandas.tests.generic.test_finalize" name="test_binops[radd-(Series,Series)-right]" time="0.001" /><testcase classname="pandas.tests.generic.test_finalize" name="test_binops[radd-(Series,Series)-both]" time="0.001" /><testcase classname="pandas.tests.generic.test_finalize" name="test_binops[radd-(DataFrame,DataFrame)-left]" time="0.004"><failure message="AssertionError: assert {} == {'a': 1}&#10;  Right contains 1 more item:&#10;  {'a': 1}&#10;  Use -v to get more diff">request = &lt;FixtureRequest for &lt;Function test_binops[radd-(DataFrame,DataFrame)-left]&gt;&gt;, args = (   A
0  1,    A
0  1), annotate = 'left', all_binary_operators = &lt;function radd at 0x7fb91b30c670&gt;

    @pytest.mark.parametrize("annotate", ["left", "right", "both"])
    @pytest.mark.parametrize(
        "args",
        [
            (1, pd.Series([1])),
            (1, pd.DataFrame({"A": [1]})),
            (pd.Series([1]), 1),
            (pd.DataFrame({"A": [1]}), 1),
            (pd.Series([1]), pd.Series([1])),
            (pd.DataFrame({"A": [1]}), pd.DataFrame({"A": [1]})),
            (pd.Series([1]), pd.DataFrame({"A": [1]})),
            (pd.DataFrame({"A": [1]}), pd.Series([1])),
        ],
        ids=lambda x: f"({type(x[0]).__name__},{type(x[1]).__name__})",
    )
    def test_binops(request, args, annotate, all_binary_operators):
        # This generates 624 tests... Is that needed?
        left, right = args
        if isinstance(left, (pd.DataFrame, pd.Series)):
            left.attrs = {}
        if isinstance(right, (pd.DataFrame, pd.Series)):
            right.attrs = {}
    
        if annotate == "left" and isinstance(left, int):
            pytest.skip("left is an int and doesn't support .attrs")
        if annotate == "right" and isinstance(right, int):
            pytest.skip("right is an int and doesn't support .attrs")
    
        if not (isinstance(left, int) or isinstance(right, int)) and annotate != "both":
            if not all_binary_operators.__name__.startswith("r"):
                """ if annotate == "right" and isinstance(left, type(right)):
                    request.node.add_marker(
                        pytest.mark.xfail(
                            reason=f"{all_binary_operators} doesn't work when right has "
                            f"attrs and both are {type(left)}"
                        )
                    ) """
                if not isinstance(left, type(right)):
                    if annotate == "left" and isinstance(left, pd.Series):
                        request.node.add_marker(
                            pytest.mark.xfail(
                                reason=f"{all_binary_operators} doesn't work when the "
                                "objects are different Series has attrs"
                            )
                        )
                    elif annotate == "right" and isinstance(right, pd.Series):
                        request.node.add_marker(
                            pytest.mark.xfail(
                                reason=f"{all_binary_operators} doesn't work when the "
                                "objects are different Series has attrs"
                            )
                        )
            else:
                """ if annotate == "left" and isinstance(left, type(right)):
                    request.node.add_marker(
                        pytest.mark.xfail(
                            reason=f"{all_binary_operators} doesn't work when left has "
                            f"attrs and both are {type(left)}"
                        )
                    ) """
                if not isinstance(left, type(right)):
                    if annotate == "right" and isinstance(right, pd.Series):
                        request.node.add_marker(
                            pytest.mark.xfail(
                                reason=f"{all_binary_operators} doesn't work when the "
                                "objects are different Series has attrs"
                            )
                        )
                    elif annotate == "left" and isinstance(left, pd.Series):
                        request.node.add_marker(
                            pytest.mark.xfail(
                                reason=f"{all_binary_operators} doesn't work when the "
                                "objects are different Series has attrs"
                            )
                        )
        if annotate in {"left", "both"} and not isinstance(left, int):
            left.attrs = {"a": 1}
        if annotate in {"right", "both"} and not isinstance(right, int):
            right.attrs = {"a": 1}
    
        is_cmp = all_binary_operators in [
            operator.eq,
            operator.ne,
            operator.gt,
            operator.ge,
            operator.lt,
            operator.le,
        ]
        if is_cmp and isinstance(left, pd.DataFrame) and isinstance(right, pd.Series):
            # in 2.0 silent alignment on comparisons was removed xref GH#28759
            left, right = left.align(right, axis=1, copy=False)
        elif is_cmp and isinstance(left, pd.Series) and isinstance(right, pd.DataFrame):
            right, left = right.align(left, axis=1, copy=False)
    
        result = all_binary_operators(left, right)
&gt;       assert result.attrs == {"a": 1}
E       AssertionError: assert {} == {'a': 1}
E         Right contains 1 more item:
E         {'a': 1}
E         Use -v to get more diff

pandas/tests/generic/test_finalize.py:574: AssertionError</failure></testcase><testcase classname="pandas.tests.generic.test_finalize" name="test_binops[radd-(DataFrame,DataFrame)-right]" time="0.002" /><testcase classname="pandas.tests.generic.test_finalize" name="test_binops[radd-(DataFrame,DataFrame)-both]" time="0.001" /><testcase classname="pandas.tests.generic.test_finalize" name="test_binops[radd-(Series,DataFrame)-left]" time="0.007"><skipped type="pytest.xfail" message="&lt;function radd at 0x7fb91b30c670&gt; doesn't work when the objects are different Series has attrs" /></testcase><testcase classname="pandas.tests.generic.test_finalize" name="test_binops[radd-(Series,DataFrame)-right]" time="0.003" /><testcase classname="pandas.tests.generic.test_finalize" name="test_binops[radd-(Series,DataFrame)-both]" time="0.003" /><testcase classname="pandas.tests.generic.test_finalize" name="test_binops[radd-(DataFrame,Series)-left]" time="0.002" /><testcase classname="pandas.tests.generic.test_finalize" name="test_binops[radd-(DataFrame,Series)-right]" time="0.007"><skipped type="pytest.xfail" message="&lt;function radd at 0x7fb91b30c670&gt; doesn't work when the objects are different Series has attrs" /></testcase><testcase classname="pandas.tests.generic.test_finalize" name="test_binops[radd-(DataFrame,Series)-both]" time="0.003" /><testcase classname="pandas.tests.generic.test_finalize" name="test_binops[sub-(int,Series)-left]" time="0.001"><skipped type="pytest.skip" message="left is an int and doesn't support .attrs">/Users/gabriel/Documents/KTH4/DD2480 Software Engineering Fundamentals/Assignment 4/pandas/pandas/tests/generic/test_finalize.py:503: left is an int and doesn't support .attrs</skipped></testcase><testcase classname="pandas.tests.generic.test_finalize" name="test_binops[sub-(int,Series)-right]" time="0.001" /><testcase classname="pandas.tests.generic.test_finalize" name="test_binops[sub-(int,Series)-both]" time="0.001" /><testcase classname="pandas.tests.generic.test_finalize" name="test_binops[sub-(int,DataFrame)-left]" time="0.001"><skipped type="pytest.skip" message="left is an int and doesn't support .attrs">/Users/gabriel/Documents/KTH4/DD2480 Software Engineering Fundamentals/Assignment 4/pandas/pandas/tests/generic/test_finalize.py:503: left is an int and doesn't support .attrs</skipped></testcase><testcase classname="pandas.tests.generic.test_finalize" name="test_binops[sub-(int,DataFrame)-right]" time="0.001" /><testcase classname="pandas.tests.generic.test_finalize" name="test_binops[sub-(int,DataFrame)-both]" time="0.001" /><testcase classname="pandas.tests.generic.test_finalize" name="test_binops[sub-(Series,int)-left]" time="0.001" /><testcase classname="pandas.tests.generic.test_finalize" name="test_binops[sub-(Series,int)-right]" time="0.001"><skipped type="pytest.skip" message="right is an int and doesn't support .attrs">/Users/gabriel/Documents/KTH4/DD2480 Software Engineering Fundamentals/Assignment 4/pandas/pandas/tests/generic/test_finalize.py:505: right is an int and doesn't support .attrs</skipped></testcase><testcase classname="pandas.tests.generic.test_finalize" name="test_binops[sub-(Series,int)-both]" time="0.001" /><testcase classname="pandas.tests.generic.test_finalize" name="test_binops[sub-(DataFrame,int)-left]" time="0.001" /><testcase classname="pandas.tests.generic.test_finalize" name="test_binops[sub-(DataFrame,int)-right]" time="0.001"><skipped type="pytest.skip" message="right is an int and doesn't support .attrs">/Users/gabriel/Documents/KTH4/DD2480 Software Engineering Fundamentals/Assignment 4/pandas/pandas/tests/generic/test_finalize.py:505: right is an int and doesn't support .attrs</skipped></testcase><testcase classname="pandas.tests.generic.test_finalize" name="test_binops[sub-(DataFrame,int)-both]" time="0.001" /><testcase classname="pandas.tests.generic.test_finalize" name="test_binops[sub-(Series,Series)-left]" time="0.001" /><testcase classname="pandas.tests.generic.test_finalize" name="test_binops[sub-(Series,Series)-right]" time="0.001" /><testcase classname="pandas.tests.generic.test_finalize" name="test_binops[sub-(Series,Series)-both]" time="0.001" /><testcase classname="pandas.tests.generic.test_finalize" name="test_binops[sub-(DataFrame,DataFrame)-left]" time="0.001" /><testcase classname="pandas.tests.generic.test_finalize" name="test_binops[sub-(DataFrame,DataFrame)-right]" time="0.004"><failure message="AssertionError: assert {} == {'a': 1}&#10;  Right contains 1 more item:&#10;  {'a': 1}&#10;  Use -v to get more diff">request = &lt;FixtureRequest for &lt;Function test_binops[sub-(DataFrame,DataFrame)-right]&gt;&gt;, args = (   A
0  1,    A
0  1), annotate = 'right', all_binary_operators = &lt;built-in function sub&gt;

    @pytest.mark.parametrize("annotate", ["left", "right", "both"])
    @pytest.mark.parametrize(
        "args",
        [
            (1, pd.Series([1])),
            (1, pd.DataFrame({"A": [1]})),
            (pd.Series([1]), 1),
            (pd.DataFrame({"A": [1]}), 1),
            (pd.Series([1]), pd.Series([1])),
            (pd.DataFrame({"A": [1]}), pd.DataFrame({"A": [1]})),
            (pd.Series([1]), pd.DataFrame({"A": [1]})),
            (pd.DataFrame({"A": [1]}), pd.Series([1])),
        ],
        ids=lambda x: f"({type(x[0]).__name__},{type(x[1]).__name__})",
    )
    def test_binops(request, args, annotate, all_binary_operators):
        # This generates 624 tests... Is that needed?
        left, right = args
        if isinstance(left, (pd.DataFrame, pd.Series)):
            left.attrs = {}
        if isinstance(right, (pd.DataFrame, pd.Series)):
            right.attrs = {}
    
        if annotate == "left" and isinstance(left, int):
            pytest.skip("left is an int and doesn't support .attrs")
        if annotate == "right" and isinstance(right, int):
            pytest.skip("right is an int and doesn't support .attrs")
    
        if not (isinstance(left, int) or isinstance(right, int)) and annotate != "both":
            if not all_binary_operators.__name__.startswith("r"):
                """ if annotate == "right" and isinstance(left, type(right)):
                    request.node.add_marker(
                        pytest.mark.xfail(
                            reason=f"{all_binary_operators} doesn't work when right has "
                            f"attrs and both are {type(left)}"
                        )
                    ) """
                if not isinstance(left, type(right)):
                    if annotate == "left" and isinstance(left, pd.Series):
                        request.node.add_marker(
                            pytest.mark.xfail(
                                reason=f"{all_binary_operators} doesn't work when the "
                                "objects are different Series has attrs"
                            )
                        )
                    elif annotate == "right" and isinstance(right, pd.Series):
                        request.node.add_marker(
                            pytest.mark.xfail(
                                reason=f"{all_binary_operators} doesn't work when the "
                                "objects are different Series has attrs"
                            )
                        )
            else:
                """ if annotate == "left" and isinstance(left, type(right)):
                    request.node.add_marker(
                        pytest.mark.xfail(
                            reason=f"{all_binary_operators} doesn't work when left has "
                            f"attrs and both are {type(left)}"
                        )
                    ) """
                if not isinstance(left, type(right)):
                    if annotate == "right" and isinstance(right, pd.Series):
                        request.node.add_marker(
                            pytest.mark.xfail(
                                reason=f"{all_binary_operators} doesn't work when the "
                                "objects are different Series has attrs"
                            )
                        )
                    elif annotate == "left" and isinstance(left, pd.Series):
                        request.node.add_marker(
                            pytest.mark.xfail(
                                reason=f"{all_binary_operators} doesn't work when the "
                                "objects are different Series has attrs"
                            )
                        )
        if annotate in {"left", "both"} and not isinstance(left, int):
            left.attrs = {"a": 1}
        if annotate in {"right", "both"} and not isinstance(right, int):
            right.attrs = {"a": 1}
    
        is_cmp = all_binary_operators in [
            operator.eq,
            operator.ne,
            operator.gt,
            operator.ge,
            operator.lt,
            operator.le,
        ]
        if is_cmp and isinstance(left, pd.DataFrame) and isinstance(right, pd.Series):
            # in 2.0 silent alignment on comparisons was removed xref GH#28759
            left, right = left.align(right, axis=1, copy=False)
        elif is_cmp and isinstance(left, pd.Series) and isinstance(right, pd.DataFrame):
            right, left = right.align(left, axis=1, copy=False)
    
        result = all_binary_operators(left, right)
&gt;       assert result.attrs == {"a": 1}
E       AssertionError: assert {} == {'a': 1}
E         Right contains 1 more item:
E         {'a': 1}
E         Use -v to get more diff

pandas/tests/generic/test_finalize.py:574: AssertionError</failure></testcase><testcase classname="pandas.tests.generic.test_finalize" name="test_binops[sub-(DataFrame,DataFrame)-both]" time="0.001" /><testcase classname="pandas.tests.generic.test_finalize" name="test_binops[sub-(Series,DataFrame)-left]" time="0.006"><skipped type="pytest.xfail" message="&lt;built-in function sub&gt; doesn't work when the objects are different Series has attrs" /></testcase><testcase classname="pandas.tests.generic.test_finalize" name="test_binops[sub-(Series,DataFrame)-right]" time="0.002" /><testcase classname="pandas.tests.generic.test_finalize" name="test_binops[sub-(Series,DataFrame)-both]" time="0.002" /><testcase classname="pandas.tests.generic.test_finalize" name="test_binops[sub-(DataFrame,Series)-left]" time="0.003" /><testcase classname="pandas.tests.generic.test_finalize" name="test_binops[sub-(DataFrame,Series)-right]" time="0.007"><skipped type="pytest.xfail" message="&lt;built-in function sub&gt; doesn't work when the objects are different Series has attrs" /></testcase><testcase classname="pandas.tests.generic.test_finalize" name="test_binops[sub-(DataFrame,Series)-both]" time="0.002" /><testcase classname="pandas.tests.generic.test_finalize" name="test_binops[rsub-(int,Series)-left]" time="0.001"><skipped type="pytest.skip" message="left is an int and doesn't support .attrs">/Users/gabriel/Documents/KTH4/DD2480 Software Engineering Fundamentals/Assignment 4/pandas/pandas/tests/generic/test_finalize.py:503: left is an int and doesn't support .attrs</skipped></testcase><testcase classname="pandas.tests.generic.test_finalize" name="test_binops[rsub-(int,Series)-right]" time="0.001" /><testcase classname="pandas.tests.generic.test_finalize" name="test_binops[rsub-(int,Series)-both]" time="0.001" /><testcase classname="pandas.tests.generic.test_finalize" name="test_binops[rsub-(int,DataFrame)-left]" time="0.001"><skipped type="pytest.skip" message="left is an int and doesn't support .attrs">/Users/gabriel/Documents/KTH4/DD2480 Software Engineering Fundamentals/Assignment 4/pandas/pandas/tests/generic/test_finalize.py:503: left is an int and doesn't support .attrs</skipped></testcase><testcase classname="pandas.tests.generic.test_finalize" name="test_binops[rsub-(int,DataFrame)-right]" time="0.001" /><testcase classname="pandas.tests.generic.test_finalize" name="test_binops[rsub-(int,DataFrame)-both]" time="0.001" /><testcase classname="pandas.tests.generic.test_finalize" name="test_binops[rsub-(Series,int)-left]" time="0.001" /><testcase classname="pandas.tests.generic.test_finalize" name="test_binops[rsub-(Series,int)-right]" time="0.001"><skipped type="pytest.skip" message="right is an int and doesn't support .attrs">/Users/gabriel/Documents/KTH4/DD2480 Software Engineering Fundamentals/Assignment 4/pandas/pandas/tests/generic/test_finalize.py:505: right is an int and doesn't support .attrs</skipped></testcase><testcase classname="pandas.tests.generic.test_finalize" name="test_binops[rsub-(Series,int)-both]" time="0.001" /><testcase classname="pandas.tests.generic.test_finalize" name="test_binops[rsub-(DataFrame,int)-left]" time="0.001" /><testcase classname="pandas.tests.generic.test_finalize" name="test_binops[rsub-(DataFrame,int)-right]" time="0.001"><skipped type="pytest.skip" message="right is an int and doesn't support .attrs">/Users/gabriel/Documents/KTH4/DD2480 Software Engineering Fundamentals/Assignment 4/pandas/pandas/tests/generic/test_finalize.py:505: right is an int and doesn't support .attrs</skipped></testcase><testcase classname="pandas.tests.generic.test_finalize" name="test_binops[rsub-(DataFrame,int)-both]" time="0.001" /><testcase classname="pandas.tests.generic.test_finalize" name="test_binops[rsub-(Series,Series)-left]" time="0.001" /><testcase classname="pandas.tests.generic.test_finalize" name="test_binops[rsub-(Series,Series)-right]" time="0.001" /><testcase classname="pandas.tests.generic.test_finalize" name="test_binops[rsub-(Series,Series)-both]" time="0.001" /><testcase classname="pandas.tests.generic.test_finalize" name="test_binops[rsub-(DataFrame,DataFrame)-left]" time="0.005"><failure message="AssertionError: assert {} == {'a': 1}&#10;  Right contains 1 more item:&#10;  {'a': 1}&#10;  Use -v to get more diff">request = &lt;FixtureRequest for &lt;Function test_binops[rsub-(DataFrame,DataFrame)-left]&gt;&gt;, args = (   A
0  1,    A
0  1), annotate = 'left', all_binary_operators = &lt;function rsub at 0x7fb91b30c700&gt;

    @pytest.mark.parametrize("annotate", ["left", "right", "both"])
    @pytest.mark.parametrize(
        "args",
        [
            (1, pd.Series([1])),
            (1, pd.DataFrame({"A": [1]})),
            (pd.Series([1]), 1),
            (pd.DataFrame({"A": [1]}), 1),
            (pd.Series([1]), pd.Series([1])),
            (pd.DataFrame({"A": [1]}), pd.DataFrame({"A": [1]})),
            (pd.Series([1]), pd.DataFrame({"A": [1]})),
            (pd.DataFrame({"A": [1]}), pd.Series([1])),
        ],
        ids=lambda x: f"({type(x[0]).__name__},{type(x[1]).__name__})",
    )
    def test_binops(request, args, annotate, all_binary_operators):
        # This generates 624 tests... Is that needed?
        left, right = args
        if isinstance(left, (pd.DataFrame, pd.Series)):
            left.attrs = {}
        if isinstance(right, (pd.DataFrame, pd.Series)):
            right.attrs = {}
    
        if annotate == "left" and isinstance(left, int):
            pytest.skip("left is an int and doesn't support .attrs")
        if annotate == "right" and isinstance(right, int):
            pytest.skip("right is an int and doesn't support .attrs")
    
        if not (isinstance(left, int) or isinstance(right, int)) and annotate != "both":
            if not all_binary_operators.__name__.startswith("r"):
                """ if annotate == "right" and isinstance(left, type(right)):
                    request.node.add_marker(
                        pytest.mark.xfail(
                            reason=f"{all_binary_operators} doesn't work when right has "
                            f"attrs and both are {type(left)}"
                        )
                    ) """
                if not isinstance(left, type(right)):
                    if annotate == "left" and isinstance(left, pd.Series):
                        request.node.add_marker(
                            pytest.mark.xfail(
                                reason=f"{all_binary_operators} doesn't work when the "
                                "objects are different Series has attrs"
                            )
                        )
                    elif annotate == "right" and isinstance(right, pd.Series):
                        request.node.add_marker(
                            pytest.mark.xfail(
                                reason=f"{all_binary_operators} doesn't work when the "
                                "objects are different Series has attrs"
                            )
                        )
            else:
                """ if annotate == "left" and isinstance(left, type(right)):
                    request.node.add_marker(
                        pytest.mark.xfail(
                            reason=f"{all_binary_operators} doesn't work when left has "
                            f"attrs and both are {type(left)}"
                        )
                    ) """
                if not isinstance(left, type(right)):
                    if annotate == "right" and isinstance(right, pd.Series):
                        request.node.add_marker(
                            pytest.mark.xfail(
                                reason=f"{all_binary_operators} doesn't work when the "
                                "objects are different Series has attrs"
                            )
                        )
                    elif annotate == "left" and isinstance(left, pd.Series):
                        request.node.add_marker(
                            pytest.mark.xfail(
                                reason=f"{all_binary_operators} doesn't work when the "
                                "objects are different Series has attrs"
                            )
                        )
        if annotate in {"left", "both"} and not isinstance(left, int):
            left.attrs = {"a": 1}
        if annotate in {"right", "both"} and not isinstance(right, int):
            right.attrs = {"a": 1}
    
        is_cmp = all_binary_operators in [
            operator.eq,
            operator.ne,
            operator.gt,
            operator.ge,
            operator.lt,
            operator.le,
        ]
        if is_cmp and isinstance(left, pd.DataFrame) and isinstance(right, pd.Series):
            # in 2.0 silent alignment on comparisons was removed xref GH#28759
            left, right = left.align(right, axis=1, copy=False)
        elif is_cmp and isinstance(left, pd.Series) and isinstance(right, pd.DataFrame):
            right, left = right.align(left, axis=1, copy=False)
    
        result = all_binary_operators(left, right)
&gt;       assert result.attrs == {"a": 1}
E       AssertionError: assert {} == {'a': 1}
E         Right contains 1 more item:
E         {'a': 1}
E         Use -v to get more diff

pandas/tests/generic/test_finalize.py:574: AssertionError</failure></testcase><testcase classname="pandas.tests.generic.test_finalize" name="test_binops[rsub-(DataFrame,DataFrame)-right]" time="0.001" /><testcase classname="pandas.tests.generic.test_finalize" name="test_binops[rsub-(DataFrame,DataFrame)-both]" time="0.001" /><testcase classname="pandas.tests.generic.test_finalize" name="test_binops[rsub-(Series,DataFrame)-left]" time="0.007"><skipped type="pytest.xfail" message="&lt;function rsub at 0x7fb91b30c700&gt; doesn't work when the objects are different Series has attrs" /></testcase><testcase classname="pandas.tests.generic.test_finalize" name="test_binops[rsub-(Series,DataFrame)-right]" time="0.002" /><testcase classname="pandas.tests.generic.test_finalize" name="test_binops[rsub-(Series,DataFrame)-both]" time="0.002" /><testcase classname="pandas.tests.generic.test_finalize" name="test_binops[rsub-(DataFrame,Series)-left]" time="0.002" /><testcase classname="pandas.tests.generic.test_finalize" name="test_binops[rsub-(DataFrame,Series)-right]" time="0.007"><skipped type="pytest.xfail" message="&lt;function rsub at 0x7fb91b30c700&gt; doesn't work when the objects are different Series has attrs" /></testcase><testcase classname="pandas.tests.generic.test_finalize" name="test_binops[rsub-(DataFrame,Series)-both]" time="0.003" /><testcase classname="pandas.tests.generic.test_finalize" name="test_binops[mul-(int,Series)-left]" time="0.001"><skipped type="pytest.skip" message="left is an int and doesn't support .attrs">/Users/gabriel/Documents/KTH4/DD2480 Software Engineering Fundamentals/Assignment 4/pandas/pandas/tests/generic/test_finalize.py:503: left is an int and doesn't support .attrs</skipped></testcase><testcase classname="pandas.tests.generic.test_finalize" name="test_binops[mul-(int,Series)-right]" time="0.001" /><testcase classname="pandas.tests.generic.test_finalize" name="test_binops[mul-(int,Series)-both]" time="0.001" /><testcase classname="pandas.tests.generic.test_finalize" name="test_binops[mul-(int,DataFrame)-left]" time="0.001"><skipped type="pytest.skip" message="left is an int and doesn't support .attrs">/Users/gabriel/Documents/KTH4/DD2480 Software Engineering Fundamentals/Assignment 4/pandas/pandas/tests/generic/test_finalize.py:503: left is an int and doesn't support .attrs</skipped></testcase><testcase classname="pandas.tests.generic.test_finalize" name="test_binops[mul-(int,DataFrame)-right]" time="0.001" /><testcase classname="pandas.tests.generic.test_finalize" name="test_binops[mul-(int,DataFrame)-both]" time="0.001" /><testcase classname="pandas.tests.generic.test_finalize" name="test_binops[mul-(Series,int)-left]" time="0.001" /><testcase classname="pandas.tests.generic.test_finalize" name="test_binops[mul-(Series,int)-right]" time="0.001"><skipped type="pytest.skip" message="right is an int and doesn't support .attrs">/Users/gabriel/Documents/KTH4/DD2480 Software Engineering Fundamentals/Assignment 4/pandas/pandas/tests/generic/test_finalize.py:505: right is an int and doesn't support .attrs</skipped></testcase><testcase classname="pandas.tests.generic.test_finalize" name="test_binops[mul-(Series,int)-both]" time="0.001" /><testcase classname="pandas.tests.generic.test_finalize" name="test_binops[mul-(DataFrame,int)-left]" time="0.001" /><testcase classname="pandas.tests.generic.test_finalize" name="test_binops[mul-(DataFrame,int)-right]" time="0.001"><skipped type="pytest.skip" message="right is an int and doesn't support .attrs">/Users/gabriel/Documents/KTH4/DD2480 Software Engineering Fundamentals/Assignment 4/pandas/pandas/tests/generic/test_finalize.py:505: right is an int and doesn't support .attrs</skipped></testcase><testcase classname="pandas.tests.generic.test_finalize" name="test_binops[mul-(DataFrame,int)-both]" time="0.001" /><testcase classname="pandas.tests.generic.test_finalize" name="test_binops[mul-(Series,Series)-left]" time="0.001" /><testcase classname="pandas.tests.generic.test_finalize" name="test_binops[mul-(Series,Series)-right]" time="0.001" /><testcase classname="pandas.tests.generic.test_finalize" name="test_binops[mul-(Series,Series)-both]" time="0.001" /><testcase classname="pandas.tests.generic.test_finalize" name="test_binops[mul-(DataFrame,DataFrame)-left]" time="0.001" /><testcase classname="pandas.tests.generic.test_finalize" name="test_binops[mul-(DataFrame,DataFrame)-right]" time="0.005"><failure message="AssertionError: assert {} == {'a': 1}&#10;  Right contains 1 more item:&#10;  {'a': 1}&#10;  Use -v to get more diff">request = &lt;FixtureRequest for &lt;Function test_binops[mul-(DataFrame,DataFrame)-right]&gt;&gt;, args = (   A
0  1,    A
0  1), annotate = 'right', all_binary_operators = &lt;built-in function mul&gt;

    @pytest.mark.parametrize("annotate", ["left", "right", "both"])
    @pytest.mark.parametrize(
        "args",
        [
            (1, pd.Series([1])),
            (1, pd.DataFrame({"A": [1]})),
            (pd.Series([1]), 1),
            (pd.DataFrame({"A": [1]}), 1),
            (pd.Series([1]), pd.Series([1])),
            (pd.DataFrame({"A": [1]}), pd.DataFrame({"A": [1]})),
            (pd.Series([1]), pd.DataFrame({"A": [1]})),
            (pd.DataFrame({"A": [1]}), pd.Series([1])),
        ],
        ids=lambda x: f"({type(x[0]).__name__},{type(x[1]).__name__})",
    )
    def test_binops(request, args, annotate, all_binary_operators):
        # This generates 624 tests... Is that needed?
        left, right = args
        if isinstance(left, (pd.DataFrame, pd.Series)):
            left.attrs = {}
        if isinstance(right, (pd.DataFrame, pd.Series)):
            right.attrs = {}
    
        if annotate == "left" and isinstance(left, int):
            pytest.skip("left is an int and doesn't support .attrs")
        if annotate == "right" and isinstance(right, int):
            pytest.skip("right is an int and doesn't support .attrs")
    
        if not (isinstance(left, int) or isinstance(right, int)) and annotate != "both":
            if not all_binary_operators.__name__.startswith("r"):
                """ if annotate == "right" and isinstance(left, type(right)):
                    request.node.add_marker(
                        pytest.mark.xfail(
                            reason=f"{all_binary_operators} doesn't work when right has "
                            f"attrs and both are {type(left)}"
                        )
                    ) """
                if not isinstance(left, type(right)):
                    if annotate == "left" and isinstance(left, pd.Series):
                        request.node.add_marker(
                            pytest.mark.xfail(
                                reason=f"{all_binary_operators} doesn't work when the "
                                "objects are different Series has attrs"
                            )
                        )
                    elif annotate == "right" and isinstance(right, pd.Series):
                        request.node.add_marker(
                            pytest.mark.xfail(
                                reason=f"{all_binary_operators} doesn't work when the "
                                "objects are different Series has attrs"
                            )
                        )
            else:
                """ if annotate == "left" and isinstance(left, type(right)):
                    request.node.add_marker(
                        pytest.mark.xfail(
                            reason=f"{all_binary_operators} doesn't work when left has "
                            f"attrs and both are {type(left)}"
                        )
                    ) """
                if not isinstance(left, type(right)):
                    if annotate == "right" and isinstance(right, pd.Series):
                        request.node.add_marker(
                            pytest.mark.xfail(
                                reason=f"{all_binary_operators} doesn't work when the "
                                "objects are different Series has attrs"
                            )
                        )
                    elif annotate == "left" and isinstance(left, pd.Series):
                        request.node.add_marker(
                            pytest.mark.xfail(
                                reason=f"{all_binary_operators} doesn't work when the "
                                "objects are different Series has attrs"
                            )
                        )
        if annotate in {"left", "both"} and not isinstance(left, int):
            left.attrs = {"a": 1}
        if annotate in {"right", "both"} and not isinstance(right, int):
            right.attrs = {"a": 1}
    
        is_cmp = all_binary_operators in [
            operator.eq,
            operator.ne,
            operator.gt,
            operator.ge,
            operator.lt,
            operator.le,
        ]
        if is_cmp and isinstance(left, pd.DataFrame) and isinstance(right, pd.Series):
            # in 2.0 silent alignment on comparisons was removed xref GH#28759
            left, right = left.align(right, axis=1, copy=False)
        elif is_cmp and isinstance(left, pd.Series) and isinstance(right, pd.DataFrame):
            right, left = right.align(left, axis=1, copy=False)
    
        result = all_binary_operators(left, right)
&gt;       assert result.attrs == {"a": 1}
E       AssertionError: assert {} == {'a': 1}
E         Right contains 1 more item:
E         {'a': 1}
E         Use -v to get more diff

pandas/tests/generic/test_finalize.py:574: AssertionError</failure></testcase><testcase classname="pandas.tests.generic.test_finalize" name="test_binops[mul-(DataFrame,DataFrame)-both]" time="0.002" /><testcase classname="pandas.tests.generic.test_finalize" name="test_binops[mul-(Series,DataFrame)-left]" time="0.006"><skipped type="pytest.xfail" message="&lt;built-in function mul&gt; doesn't work when the objects are different Series has attrs" /></testcase><testcase classname="pandas.tests.generic.test_finalize" name="test_binops[mul-(Series,DataFrame)-right]" time="0.003" /><testcase classname="pandas.tests.generic.test_finalize" name="test_binops[mul-(Series,DataFrame)-both]" time="0.003" /><testcase classname="pandas.tests.generic.test_finalize" name="test_binops[mul-(DataFrame,Series)-left]" time="0.002" /><testcase classname="pandas.tests.generic.test_finalize" name="test_binops[mul-(DataFrame,Series)-right]" time="0.006"><skipped type="pytest.xfail" message="&lt;built-in function mul&gt; doesn't work when the objects are different Series has attrs" /></testcase><testcase classname="pandas.tests.generic.test_finalize" name="test_binops[mul-(DataFrame,Series)-both]" time="0.003" /><testcase classname="pandas.tests.generic.test_finalize" name="test_binops[rmul-(int,Series)-left]" time="0.001"><skipped type="pytest.skip" message="left is an int and doesn't support .attrs">/Users/gabriel/Documents/KTH4/DD2480 Software Engineering Fundamentals/Assignment 4/pandas/pandas/tests/generic/test_finalize.py:503: left is an int and doesn't support .attrs</skipped></testcase><testcase classname="pandas.tests.generic.test_finalize" name="test_binops[rmul-(int,Series)-right]" time="0.001" /><testcase classname="pandas.tests.generic.test_finalize" name="test_binops[rmul-(int,Series)-both]" time="0.002" /><testcase classname="pandas.tests.generic.test_finalize" name="test_binops[rmul-(int,DataFrame)-left]" time="0.001"><skipped type="pytest.skip" message="left is an int and doesn't support .attrs">/Users/gabriel/Documents/KTH4/DD2480 Software Engineering Fundamentals/Assignment 4/pandas/pandas/tests/generic/test_finalize.py:503: left is an int and doesn't support .attrs</skipped></testcase><testcase classname="pandas.tests.generic.test_finalize" name="test_binops[rmul-(int,DataFrame)-right]" time="0.001" /><testcase classname="pandas.tests.generic.test_finalize" name="test_binops[rmul-(int,DataFrame)-both]" time="0.001" /><testcase classname="pandas.tests.generic.test_finalize" name="test_binops[rmul-(Series,int)-left]" time="0.001" /><testcase classname="pandas.tests.generic.test_finalize" name="test_binops[rmul-(Series,int)-right]" time="0.001"><skipped type="pytest.skip" message="right is an int and doesn't support .attrs">/Users/gabriel/Documents/KTH4/DD2480 Software Engineering Fundamentals/Assignment 4/pandas/pandas/tests/generic/test_finalize.py:505: right is an int and doesn't support .attrs</skipped></testcase><testcase classname="pandas.tests.generic.test_finalize" name="test_binops[rmul-(Series,int)-both]" time="0.001" /><testcase classname="pandas.tests.generic.test_finalize" name="test_binops[rmul-(DataFrame,int)-left]" time="0.001" /><testcase classname="pandas.tests.generic.test_finalize" name="test_binops[rmul-(DataFrame,int)-right]" time="0.001"><skipped type="pytest.skip" message="right is an int and doesn't support .attrs">/Users/gabriel/Documents/KTH4/DD2480 Software Engineering Fundamentals/Assignment 4/pandas/pandas/tests/generic/test_finalize.py:505: right is an int and doesn't support .attrs</skipped></testcase><testcase classname="pandas.tests.generic.test_finalize" name="test_binops[rmul-(DataFrame,int)-both]" time="0.001" /><testcase classname="pandas.tests.generic.test_finalize" name="test_binops[rmul-(Series,Series)-left]" time="0.001" /><testcase classname="pandas.tests.generic.test_finalize" name="test_binops[rmul-(Series,Series)-right]" time="0.001" /><testcase classname="pandas.tests.generic.test_finalize" name="test_binops[rmul-(Series,Series)-both]" time="0.001" /><testcase classname="pandas.tests.generic.test_finalize" name="test_binops[rmul-(DataFrame,DataFrame)-left]" time="0.004"><failure message="AssertionError: assert {} == {'a': 1}&#10;  Right contains 1 more item:&#10;  {'a': 1}&#10;  Use -v to get more diff">request = &lt;FixtureRequest for &lt;Function test_binops[rmul-(DataFrame,DataFrame)-left]&gt;&gt;, args = (   A
0  1,    A
0  1), annotate = 'left', all_binary_operators = &lt;function rmul at 0x7fb91b30c790&gt;

    @pytest.mark.parametrize("annotate", ["left", "right", "both"])
    @pytest.mark.parametrize(
        "args",
        [
            (1, pd.Series([1])),
            (1, pd.DataFrame({"A": [1]})),
            (pd.Series([1]), 1),
            (pd.DataFrame({"A": [1]}), 1),
            (pd.Series([1]), pd.Series([1])),
            (pd.DataFrame({"A": [1]}), pd.DataFrame({"A": [1]})),
            (pd.Series([1]), pd.DataFrame({"A": [1]})),
            (pd.DataFrame({"A": [1]}), pd.Series([1])),
        ],
        ids=lambda x: f"({type(x[0]).__name__},{type(x[1]).__name__})",
    )
    def test_binops(request, args, annotate, all_binary_operators):
        # This generates 624 tests... Is that needed?
        left, right = args
        if isinstance(left, (pd.DataFrame, pd.Series)):
            left.attrs = {}
        if isinstance(right, (pd.DataFrame, pd.Series)):
            right.attrs = {}
    
        if annotate == "left" and isinstance(left, int):
            pytest.skip("left is an int and doesn't support .attrs")
        if annotate == "right" and isinstance(right, int):
            pytest.skip("right is an int and doesn't support .attrs")
    
        if not (isinstance(left, int) or isinstance(right, int)) and annotate != "both":
            if not all_binary_operators.__name__.startswith("r"):
                """ if annotate == "right" and isinstance(left, type(right)):
                    request.node.add_marker(
                        pytest.mark.xfail(
                            reason=f"{all_binary_operators} doesn't work when right has "
                            f"attrs and both are {type(left)}"
                        )
                    ) """
                if not isinstance(left, type(right)):
                    if annotate == "left" and isinstance(left, pd.Series):
                        request.node.add_marker(
                            pytest.mark.xfail(
                                reason=f"{all_binary_operators} doesn't work when the "
                                "objects are different Series has attrs"
                            )
                        )
                    elif annotate == "right" and isinstance(right, pd.Series):
                        request.node.add_marker(
                            pytest.mark.xfail(
                                reason=f"{all_binary_operators} doesn't work when the "
                                "objects are different Series has attrs"
                            )
                        )
            else:
                """ if annotate == "left" and isinstance(left, type(right)):
                    request.node.add_marker(
                        pytest.mark.xfail(
                            reason=f"{all_binary_operators} doesn't work when left has "
                            f"attrs and both are {type(left)}"
                        )
                    ) """
                if not isinstance(left, type(right)):
                    if annotate == "right" and isinstance(right, pd.Series):
                        request.node.add_marker(
                            pytest.mark.xfail(
                                reason=f"{all_binary_operators} doesn't work when the "
                                "objects are different Series has attrs"
                            )
                        )
                    elif annotate == "left" and isinstance(left, pd.Series):
                        request.node.add_marker(
                            pytest.mark.xfail(
                                reason=f"{all_binary_operators} doesn't work when the "
                                "objects are different Series has attrs"
                            )
                        )
        if annotate in {"left", "both"} and not isinstance(left, int):
            left.attrs = {"a": 1}
        if annotate in {"right", "both"} and not isinstance(right, int):
            right.attrs = {"a": 1}
    
        is_cmp = all_binary_operators in [
            operator.eq,
            operator.ne,
            operator.gt,
            operator.ge,
            operator.lt,
            operator.le,
        ]
        if is_cmp and isinstance(left, pd.DataFrame) and isinstance(right, pd.Series):
            # in 2.0 silent alignment on comparisons was removed xref GH#28759
            left, right = left.align(right, axis=1, copy=False)
        elif is_cmp and isinstance(left, pd.Series) and isinstance(right, pd.DataFrame):
            right, left = right.align(left, axis=1, copy=False)
    
        result = all_binary_operators(left, right)
&gt;       assert result.attrs == {"a": 1}
E       AssertionError: assert {} == {'a': 1}
E         Right contains 1 more item:
E         {'a': 1}
E         Use -v to get more diff

pandas/tests/generic/test_finalize.py:574: AssertionError</failure></testcase><testcase classname="pandas.tests.generic.test_finalize" name="test_binops[rmul-(DataFrame,DataFrame)-right]" time="0.001" /><testcase classname="pandas.tests.generic.test_finalize" name="test_binops[rmul-(DataFrame,DataFrame)-both]" time="0.001" /><testcase classname="pandas.tests.generic.test_finalize" name="test_binops[rmul-(Series,DataFrame)-left]" time="0.006"><skipped type="pytest.xfail" message="&lt;function rmul at 0x7fb91b30c790&gt; doesn't work when the objects are different Series has attrs" /></testcase><testcase classname="pandas.tests.generic.test_finalize" name="test_binops[rmul-(Series,DataFrame)-right]" time="0.003" /><testcase classname="pandas.tests.generic.test_finalize" name="test_binops[rmul-(Series,DataFrame)-both]" time="0.002" /><testcase classname="pandas.tests.generic.test_finalize" name="test_binops[rmul-(DataFrame,Series)-left]" time="0.002" /><testcase classname="pandas.tests.generic.test_finalize" name="test_binops[rmul-(DataFrame,Series)-right]" time="0.007"><skipped type="pytest.xfail" message="&lt;function rmul at 0x7fb91b30c790&gt; doesn't work when the objects are different Series has attrs" /></testcase><testcase classname="pandas.tests.generic.test_finalize" name="test_binops[rmul-(DataFrame,Series)-both]" time="0.002" /><testcase classname="pandas.tests.generic.test_finalize" name="test_binops[truediv-(int,Series)-left]" time="0.001"><skipped type="pytest.skip" message="left is an int and doesn't support .attrs">/Users/gabriel/Documents/KTH4/DD2480 Software Engineering Fundamentals/Assignment 4/pandas/pandas/tests/generic/test_finalize.py:503: left is an int and doesn't support .attrs</skipped></testcase><testcase classname="pandas.tests.generic.test_finalize" name="test_binops[truediv-(int,Series)-right]" time="0.001" /><testcase classname="pandas.tests.generic.test_finalize" name="test_binops[truediv-(int,Series)-both]" time="0.001" /><testcase classname="pandas.tests.generic.test_finalize" name="test_binops[truediv-(int,DataFrame)-left]" time="0.001"><skipped type="pytest.skip" message="left is an int and doesn't support .attrs">/Users/gabriel/Documents/KTH4/DD2480 Software Engineering Fundamentals/Assignment 4/pandas/pandas/tests/generic/test_finalize.py:503: left is an int and doesn't support .attrs</skipped></testcase><testcase classname="pandas.tests.generic.test_finalize" name="test_binops[truediv-(int,DataFrame)-right]" time="0.001" /><testcase classname="pandas.tests.generic.test_finalize" name="test_binops[truediv-(int,DataFrame)-both]" time="0.002" /><testcase classname="pandas.tests.generic.test_finalize" name="test_binops[truediv-(Series,int)-left]" time="0.001" /><testcase classname="pandas.tests.generic.test_finalize" name="test_binops[truediv-(Series,int)-right]" time="0.001"><skipped type="pytest.skip" message="right is an int and doesn't support .attrs">/Users/gabriel/Documents/KTH4/DD2480 Software Engineering Fundamentals/Assignment 4/pandas/pandas/tests/generic/test_finalize.py:505: right is an int and doesn't support .attrs</skipped></testcase><testcase classname="pandas.tests.generic.test_finalize" name="test_binops[truediv-(Series,int)-both]" time="0.001" /><testcase classname="pandas.tests.generic.test_finalize" name="test_binops[truediv-(DataFrame,int)-left]" time="0.001" /><testcase classname="pandas.tests.generic.test_finalize" name="test_binops[truediv-(DataFrame,int)-right]" time="0.001"><skipped type="pytest.skip" message="right is an int and doesn't support .attrs">/Users/gabriel/Documents/KTH4/DD2480 Software Engineering Fundamentals/Assignment 4/pandas/pandas/tests/generic/test_finalize.py:505: right is an int and doesn't support .attrs</skipped></testcase><testcase classname="pandas.tests.generic.test_finalize" name="test_binops[truediv-(DataFrame,int)-both]" time="0.001" /><testcase classname="pandas.tests.generic.test_finalize" name="test_binops[truediv-(Series,Series)-left]" time="0.001" /><testcase classname="pandas.tests.generic.test_finalize" name="test_binops[truediv-(Series,Series)-right]" time="0.001" /><testcase classname="pandas.tests.generic.test_finalize" name="test_binops[truediv-(Series,Series)-both]" time="0.001" /><testcase classname="pandas.tests.generic.test_finalize" name="test_binops[truediv-(DataFrame,DataFrame)-left]" time="0.001" /><testcase classname="pandas.tests.generic.test_finalize" name="test_binops[truediv-(DataFrame,DataFrame)-right]" time="0.005"><failure message="AssertionError: assert {} == {'a': 1}&#10;  Right contains 1 more item:&#10;  {'a': 1}&#10;  Use -v to get more diff">request = &lt;FixtureRequest for &lt;Function test_binops[truediv-(DataFrame,DataFrame)-right]&gt;&gt;, args = (   A
0  1,    A
0  1), annotate = 'right', all_binary_operators = &lt;built-in function truediv&gt;

    @pytest.mark.parametrize("annotate", ["left", "right", "both"])
    @pytest.mark.parametrize(
        "args",
        [
            (1, pd.Series([1])),
            (1, pd.DataFrame({"A": [1]})),
            (pd.Series([1]), 1),
            (pd.DataFrame({"A": [1]}), 1),
            (pd.Series([1]), pd.Series([1])),
            (pd.DataFrame({"A": [1]}), pd.DataFrame({"A": [1]})),
            (pd.Series([1]), pd.DataFrame({"A": [1]})),
            (pd.DataFrame({"A": [1]}), pd.Series([1])),
        ],
        ids=lambda x: f"({type(x[0]).__name__},{type(x[1]).__name__})",
    )
    def test_binops(request, args, annotate, all_binary_operators):
        # This generates 624 tests... Is that needed?
        left, right = args
        if isinstance(left, (pd.DataFrame, pd.Series)):
            left.attrs = {}
        if isinstance(right, (pd.DataFrame, pd.Series)):
            right.attrs = {}
    
        if annotate == "left" and isinstance(left, int):
            pytest.skip("left is an int and doesn't support .attrs")
        if annotate == "right" and isinstance(right, int):
            pytest.skip("right is an int and doesn't support .attrs")
    
        if not (isinstance(left, int) or isinstance(right, int)) and annotate != "both":
            if not all_binary_operators.__name__.startswith("r"):
                """ if annotate == "right" and isinstance(left, type(right)):
                    request.node.add_marker(
                        pytest.mark.xfail(
                            reason=f"{all_binary_operators} doesn't work when right has "
                            f"attrs and both are {type(left)}"
                        )
                    ) """
                if not isinstance(left, type(right)):
                    if annotate == "left" and isinstance(left, pd.Series):
                        request.node.add_marker(
                            pytest.mark.xfail(
                                reason=f"{all_binary_operators} doesn't work when the "
                                "objects are different Series has attrs"
                            )
                        )
                    elif annotate == "right" and isinstance(right, pd.Series):
                        request.node.add_marker(
                            pytest.mark.xfail(
                                reason=f"{all_binary_operators} doesn't work when the "
                                "objects are different Series has attrs"
                            )
                        )
            else:
                """ if annotate == "left" and isinstance(left, type(right)):
                    request.node.add_marker(
                        pytest.mark.xfail(
                            reason=f"{all_binary_operators} doesn't work when left has "
                            f"attrs and both are {type(left)}"
                        )
                    ) """
                if not isinstance(left, type(right)):
                    if annotate == "right" and isinstance(right, pd.Series):
                        request.node.add_marker(
                            pytest.mark.xfail(
                                reason=f"{all_binary_operators} doesn't work when the "
                                "objects are different Series has attrs"
                            )
                        )
                    elif annotate == "left" and isinstance(left, pd.Series):
                        request.node.add_marker(
                            pytest.mark.xfail(
                                reason=f"{all_binary_operators} doesn't work when the "
                                "objects are different Series has attrs"
                            )
                        )
        if annotate in {"left", "both"} and not isinstance(left, int):
            left.attrs = {"a": 1}
        if annotate in {"right", "both"} and not isinstance(right, int):
            right.attrs = {"a": 1}
    
        is_cmp = all_binary_operators in [
            operator.eq,
            operator.ne,
            operator.gt,
            operator.ge,
            operator.lt,
            operator.le,
        ]
        if is_cmp and isinstance(left, pd.DataFrame) and isinstance(right, pd.Series):
            # in 2.0 silent alignment on comparisons was removed xref GH#28759
            left, right = left.align(right, axis=1, copy=False)
        elif is_cmp and isinstance(left, pd.Series) and isinstance(right, pd.DataFrame):
            right, left = right.align(left, axis=1, copy=False)
    
        result = all_binary_operators(left, right)
&gt;       assert result.attrs == {"a": 1}
E       AssertionError: assert {} == {'a': 1}
E         Right contains 1 more item:
E         {'a': 1}
E         Use -v to get more diff

pandas/tests/generic/test_finalize.py:574: AssertionError</failure></testcase><testcase classname="pandas.tests.generic.test_finalize" name="test_binops[truediv-(DataFrame,DataFrame)-both]" time="0.001" /><testcase classname="pandas.tests.generic.test_finalize" name="test_binops[truediv-(Series,DataFrame)-left]" time="0.007"><skipped type="pytest.xfail" message="&lt;built-in function truediv&gt; doesn't work when the objects are different Series has attrs" /></testcase><testcase classname="pandas.tests.generic.test_finalize" name="test_binops[truediv-(Series,DataFrame)-right]" time="0.003" /><testcase classname="pandas.tests.generic.test_finalize" name="test_binops[truediv-(Series,DataFrame)-both]" time="0.003" /><testcase classname="pandas.tests.generic.test_finalize" name="test_binops[truediv-(DataFrame,Series)-left]" time="0.002" /><testcase classname="pandas.tests.generic.test_finalize" name="test_binops[truediv-(DataFrame,Series)-right]" time="0.006"><skipped type="pytest.xfail" message="&lt;built-in function truediv&gt; doesn't work when the objects are different Series has attrs" /></testcase><testcase classname="pandas.tests.generic.test_finalize" name="test_binops[truediv-(DataFrame,Series)-both]" time="0.002" /><testcase classname="pandas.tests.generic.test_finalize" name="test_binops[rtruediv-(int,Series)-left]" time="0.001"><skipped type="pytest.skip" message="left is an int and doesn't support .attrs">/Users/gabriel/Documents/KTH4/DD2480 Software Engineering Fundamentals/Assignment 4/pandas/pandas/tests/generic/test_finalize.py:503: left is an int and doesn't support .attrs</skipped></testcase><testcase classname="pandas.tests.generic.test_finalize" name="test_binops[rtruediv-(int,Series)-right]" time="0.002" /><testcase classname="pandas.tests.generic.test_finalize" name="test_binops[rtruediv-(int,Series)-both]" time="0.001" /><testcase classname="pandas.tests.generic.test_finalize" name="test_binops[rtruediv-(int,DataFrame)-left]" time="0.001"><skipped type="pytest.skip" message="left is an int and doesn't support .attrs">/Users/gabriel/Documents/KTH4/DD2480 Software Engineering Fundamentals/Assignment 4/pandas/pandas/tests/generic/test_finalize.py:503: left is an int and doesn't support .attrs</skipped></testcase><testcase classname="pandas.tests.generic.test_finalize" name="test_binops[rtruediv-(int,DataFrame)-right]" time="0.001" /><testcase classname="pandas.tests.generic.test_finalize" name="test_binops[rtruediv-(int,DataFrame)-both]" time="0.001" /><testcase classname="pandas.tests.generic.test_finalize" name="test_binops[rtruediv-(Series,int)-left]" time="0.001" /><testcase classname="pandas.tests.generic.test_finalize" name="test_binops[rtruediv-(Series,int)-right]" time="0.001"><skipped type="pytest.skip" message="right is an int and doesn't support .attrs">/Users/gabriel/Documents/KTH4/DD2480 Software Engineering Fundamentals/Assignment 4/pandas/pandas/tests/generic/test_finalize.py:505: right is an int and doesn't support .attrs</skipped></testcase><testcase classname="pandas.tests.generic.test_finalize" name="test_binops[rtruediv-(Series,int)-both]" time="0.001" /><testcase classname="pandas.tests.generic.test_finalize" name="test_binops[rtruediv-(DataFrame,int)-left]" time="0.001" /><testcase classname="pandas.tests.generic.test_finalize" name="test_binops[rtruediv-(DataFrame,int)-right]" time="0.001"><skipped type="pytest.skip" message="right is an int and doesn't support .attrs">/Users/gabriel/Documents/KTH4/DD2480 Software Engineering Fundamentals/Assignment 4/pandas/pandas/tests/generic/test_finalize.py:505: right is an int and doesn't support .attrs</skipped></testcase><testcase classname="pandas.tests.generic.test_finalize" name="test_binops[rtruediv-(DataFrame,int)-both]" time="0.002" /><testcase classname="pandas.tests.generic.test_finalize" name="test_binops[rtruediv-(Series,Series)-left]" time="0.001" /><testcase classname="pandas.tests.generic.test_finalize" name="test_binops[rtruediv-(Series,Series)-right]" time="0.001" /><testcase classname="pandas.tests.generic.test_finalize" name="test_binops[rtruediv-(Series,Series)-both]" time="0.001" /><testcase classname="pandas.tests.generic.test_finalize" name="test_binops[rtruediv-(DataFrame,DataFrame)-left]" time="0.004"><failure message="AssertionError: assert {} == {'a': 1}&#10;  Right contains 1 more item:&#10;  {'a': 1}&#10;  Use -v to get more diff">request = &lt;FixtureRequest for &lt;Function test_binops[rtruediv-(DataFrame,DataFrame)-left]&gt;&gt;, args = (   A
0  1,    A
0  1), annotate = 'left'
all_binary_operators = &lt;function rtruediv at 0x7fb91b30c8b0&gt;

    @pytest.mark.parametrize("annotate", ["left", "right", "both"])
    @pytest.mark.parametrize(
        "args",
        [
            (1, pd.Series([1])),
            (1, pd.DataFrame({"A": [1]})),
            (pd.Series([1]), 1),
            (pd.DataFrame({"A": [1]}), 1),
            (pd.Series([1]), pd.Series([1])),
            (pd.DataFrame({"A": [1]}), pd.DataFrame({"A": [1]})),
            (pd.Series([1]), pd.DataFrame({"A": [1]})),
            (pd.DataFrame({"A": [1]}), pd.Series([1])),
        ],
        ids=lambda x: f"({type(x[0]).__name__},{type(x[1]).__name__})",
    )
    def test_binops(request, args, annotate, all_binary_operators):
        # This generates 624 tests... Is that needed?
        left, right = args
        if isinstance(left, (pd.DataFrame, pd.Series)):
            left.attrs = {}
        if isinstance(right, (pd.DataFrame, pd.Series)):
            right.attrs = {}
    
        if annotate == "left" and isinstance(left, int):
            pytest.skip("left is an int and doesn't support .attrs")
        if annotate == "right" and isinstance(right, int):
            pytest.skip("right is an int and doesn't support .attrs")
    
        if not (isinstance(left, int) or isinstance(right, int)) and annotate != "both":
            if not all_binary_operators.__name__.startswith("r"):
                """ if annotate == "right" and isinstance(left, type(right)):
                    request.node.add_marker(
                        pytest.mark.xfail(
                            reason=f"{all_binary_operators} doesn't work when right has "
                            f"attrs and both are {type(left)}"
                        )
                    ) """
                if not isinstance(left, type(right)):
                    if annotate == "left" and isinstance(left, pd.Series):
                        request.node.add_marker(
                            pytest.mark.xfail(
                                reason=f"{all_binary_operators} doesn't work when the "
                                "objects are different Series has attrs"
                            )
                        )
                    elif annotate == "right" and isinstance(right, pd.Series):
                        request.node.add_marker(
                            pytest.mark.xfail(
                                reason=f"{all_binary_operators} doesn't work when the "
                                "objects are different Series has attrs"
                            )
                        )
            else:
                """ if annotate == "left" and isinstance(left, type(right)):
                    request.node.add_marker(
                        pytest.mark.xfail(
                            reason=f"{all_binary_operators} doesn't work when left has "
                            f"attrs and both are {type(left)}"
                        )
                    ) """
                if not isinstance(left, type(right)):
                    if annotate == "right" and isinstance(right, pd.Series):
                        request.node.add_marker(
                            pytest.mark.xfail(
                                reason=f"{all_binary_operators} doesn't work when the "
                                "objects are different Series has attrs"
                            )
                        )
                    elif annotate == "left" and isinstance(left, pd.Series):
                        request.node.add_marker(
                            pytest.mark.xfail(
                                reason=f"{all_binary_operators} doesn't work when the "
                                "objects are different Series has attrs"
                            )
                        )
        if annotate in {"left", "both"} and not isinstance(left, int):
            left.attrs = {"a": 1}
        if annotate in {"right", "both"} and not isinstance(right, int):
            right.attrs = {"a": 1}
    
        is_cmp = all_binary_operators in [
            operator.eq,
            operator.ne,
            operator.gt,
            operator.ge,
            operator.lt,
            operator.le,
        ]
        if is_cmp and isinstance(left, pd.DataFrame) and isinstance(right, pd.Series):
            # in 2.0 silent alignment on comparisons was removed xref GH#28759
            left, right = left.align(right, axis=1, copy=False)
        elif is_cmp and isinstance(left, pd.Series) and isinstance(right, pd.DataFrame):
            right, left = right.align(left, axis=1, copy=False)
    
        result = all_binary_operators(left, right)
&gt;       assert result.attrs == {"a": 1}
E       AssertionError: assert {} == {'a': 1}
E         Right contains 1 more item:
E         {'a': 1}
E         Use -v to get more diff

pandas/tests/generic/test_finalize.py:574: AssertionError</failure></testcase><testcase classname="pandas.tests.generic.test_finalize" name="test_binops[rtruediv-(DataFrame,DataFrame)-right]" time="0.001" /><testcase classname="pandas.tests.generic.test_finalize" name="test_binops[rtruediv-(DataFrame,DataFrame)-both]" time="0.001" /><testcase classname="pandas.tests.generic.test_finalize" name="test_binops[rtruediv-(Series,DataFrame)-left]" time="0.007"><skipped type="pytest.xfail" message="&lt;function rtruediv at 0x7fb91b30c8b0&gt; doesn't work when the objects are different Series has attrs" /></testcase><testcase classname="pandas.tests.generic.test_finalize" name="test_binops[rtruediv-(Series,DataFrame)-right]" time="0.003" /><testcase classname="pandas.tests.generic.test_finalize" name="test_binops[rtruediv-(Series,DataFrame)-both]" time="0.002" /><testcase classname="pandas.tests.generic.test_finalize" name="test_binops[rtruediv-(DataFrame,Series)-left]" time="0.002" /><testcase classname="pandas.tests.generic.test_finalize" name="test_binops[rtruediv-(DataFrame,Series)-right]" time="0.006"><skipped type="pytest.xfail" message="&lt;function rtruediv at 0x7fb91b30c8b0&gt; doesn't work when the objects are different Series has attrs" /></testcase><testcase classname="pandas.tests.generic.test_finalize" name="test_binops[rtruediv-(DataFrame,Series)-both]" time="0.002" /><testcase classname="pandas.tests.generic.test_finalize" name="test_binops[floordiv-(int,Series)-left]" time="0.001"><skipped type="pytest.skip" message="left is an int and doesn't support .attrs">/Users/gabriel/Documents/KTH4/DD2480 Software Engineering Fundamentals/Assignment 4/pandas/pandas/tests/generic/test_finalize.py:503: left is an int and doesn't support .attrs</skipped></testcase><testcase classname="pandas.tests.generic.test_finalize" name="test_binops[floordiv-(int,Series)-right]" time="0.001" /><testcase classname="pandas.tests.generic.test_finalize" name="test_binops[floordiv-(int,Series)-both]" time="0.002" /><testcase classname="pandas.tests.generic.test_finalize" name="test_binops[floordiv-(int,DataFrame)-left]" time="0.001"><skipped type="pytest.skip" message="left is an int and doesn't support .attrs">/Users/gabriel/Documents/KTH4/DD2480 Software Engineering Fundamentals/Assignment 4/pandas/pandas/tests/generic/test_finalize.py:503: left is an int and doesn't support .attrs</skipped></testcase><testcase classname="pandas.tests.generic.test_finalize" name="test_binops[floordiv-(int,DataFrame)-right]" time="0.001" /><testcase classname="pandas.tests.generic.test_finalize" name="test_binops[floordiv-(int,DataFrame)-both]" time="0.001" /><testcase classname="pandas.tests.generic.test_finalize" name="test_binops[floordiv-(Series,int)-left]" time="0.001" /><testcase classname="pandas.tests.generic.test_finalize" name="test_binops[floordiv-(Series,int)-right]" time="0.001"><skipped type="pytest.skip" message="right is an int and doesn't support .attrs">/Users/gabriel/Documents/KTH4/DD2480 Software Engineering Fundamentals/Assignment 4/pandas/pandas/tests/generic/test_finalize.py:505: right is an int and doesn't support .attrs</skipped></testcase><testcase classname="pandas.tests.generic.test_finalize" name="test_binops[floordiv-(Series,int)-both]" time="0.001" /><testcase classname="pandas.tests.generic.test_finalize" name="test_binops[floordiv-(DataFrame,int)-left]" time="0.001" /><testcase classname="pandas.tests.generic.test_finalize" name="test_binops[floordiv-(DataFrame,int)-right]" time="0.001"><skipped type="pytest.skip" message="right is an int and doesn't support .attrs">/Users/gabriel/Documents/KTH4/DD2480 Software Engineering Fundamentals/Assignment 4/pandas/pandas/tests/generic/test_finalize.py:505: right is an int and doesn't support .attrs</skipped></testcase><testcase classname="pandas.tests.generic.test_finalize" name="test_binops[floordiv-(DataFrame,int)-both]" time="0.001" /><testcase classname="pandas.tests.generic.test_finalize" name="test_binops[floordiv-(Series,Series)-left]" time="0.001" /><testcase classname="pandas.tests.generic.test_finalize" name="test_binops[floordiv-(Series,Series)-right]" time="0.001" /><testcase classname="pandas.tests.generic.test_finalize" name="test_binops[floordiv-(Series,Series)-both]" time="0.001" /><testcase classname="pandas.tests.generic.test_finalize" name="test_binops[floordiv-(DataFrame,DataFrame)-left]" time="0.001" /><testcase classname="pandas.tests.generic.test_finalize" name="test_binops[floordiv-(DataFrame,DataFrame)-right]" time="0.004"><failure message="AssertionError: assert {} == {'a': 1}&#10;  Right contains 1 more item:&#10;  {'a': 1}&#10;  Use -v to get more diff">request = &lt;FixtureRequest for &lt;Function test_binops[floordiv-(DataFrame,DataFrame)-right]&gt;&gt;, args = (   A
0  1,    A
0  1), annotate = 'right', all_binary_operators = &lt;built-in function floordiv&gt;

    @pytest.mark.parametrize("annotate", ["left", "right", "both"])
    @pytest.mark.parametrize(
        "args",
        [
            (1, pd.Series([1])),
            (1, pd.DataFrame({"A": [1]})),
            (pd.Series([1]), 1),
            (pd.DataFrame({"A": [1]}), 1),
            (pd.Series([1]), pd.Series([1])),
            (pd.DataFrame({"A": [1]}), pd.DataFrame({"A": [1]})),
[...]
            left.attrs = {}
        if isinstance(right, (pd.DataFrame, pd.Series)):
            right.attrs = {}
    
        if annotate == "left" and isinstance(left, int):
            pytest.skip("left is an int and doesn't support .attrs")
        if annotate == "right" and isinstance(right, int):
            pytest.skip("right is an int and doesn't support .attrs")
    
        if not (isinstance(left, int) or isinstance(right, int)) and annotate != "both":
            if not all_binary_operators.__name__.startswith("r"):
                """ if annotate == "right" and isinstance(left, type(right)):
                    request.node.add_marker(
                        pytest.mark.xfail(
                            reason=f"{all_binary_operators} doesn't work when right has "
                            f"attrs and both are {type(left)}"
                        )
                    ) """
                if not isinstance(left, type(right)):
                    if annotate == "left" and isinstance(left, pd.Series):
                        request.node.add_marker(
                            pytest.mark.xfail(
                                reason=f"{all_binary_operators} doesn't work when the "
                                "objects are different Series has attrs"
                            )
                        )
                    elif annotate == "right" and isinstance(right, pd.Series):
                        request.node.add_marker(
                            pytest.mark.xfail(
                                reason=f"{all_binary_operators} doesn't work when the "
                                "objects are different Series has attrs"
                            )
                        )
            else:
                """ if annotate == "left" and isinstance(left, type(right)):
                    request.node.add_marker(
                        pytest.mark.xfail(
                            reason=f"{all_binary_operators} doesn't work when left has "
                            f"attrs and both are {type(left)}"
                        )
                    ) """
                if not isinstance(left, type(right)):
                    if annotate == "right" and isinstance(right, pd.Series):
                        request.node.add_marker(
                            pytest.mark.xfail(
                                reason=f"{all_binary_operators} doesn't work when the "
                                "objects are different Series has attrs"
                            )
                        )
                    elif annotate == "left" and isinstance(left, pd.Series):
                        request.node.add_marker(
                            pytest.mark.xfail(
                                reason=f"{all_binary_operators} doesn't work when the "
                                "objects are different Series has attrs"
                            )
                        )
        if annotate in {"left", "both"} and not isinstance(left, int):
            left.attrs = {"a": 1}
        if annotate in {"right", "both"} and not isinstance(right, int):
            right.attrs = {"a": 1}
    
        is_cmp = all_binary_operators in [
            operator.eq,
            operator.ne,
            operator.gt,
            operator.ge,
            operator.lt,
            operator.le,
        ]
        if is_cmp and isinstance(left, pd.DataFrame) and isinstance(right, pd.Series):
            # in 2.0 silent alignment on comparisons was removed xref GH#28759
            left, right = left.align(right, axis=1, copy=False)
        elif is_cmp and isinstance(left, pd.Series) and isinstance(right, pd.DataFrame):
            right, left = right.align(left, axis=1, copy=False)
    
        result = all_binary_operators(left, right)
&gt;       assert result.attrs == {"a": 1}
E       AssertionError: assert {} == {'a': 1}
E         Right contains 1 more item:
E         {'a': 1}
E         Use -v to get more diff

pandas/tests/generic/test_finalize.py:574: AssertionError</failure></testcase><testcase classname="pandas.tests.generic.test_finalize" name="test_binops[or_-(DataFrame,DataFrame)-both]" time="0.001" /><testcase classname="pandas.tests.generic.test_finalize" name="test_binops[or_-(Series,DataFrame)-left]" time="0.006"><skipped type="pytest.xfail" message="&lt;built-in function or_&gt; doesn't work when the objects are different Series has attrs" /></testcase><testcase classname="pandas.tests.generic.test_finalize" name="test_binops[or_-(Series,DataFrame)-right]" time="0.003" /><testcase classname="pandas.tests.generic.test_finalize" name="test_binops[or_-(Series,DataFrame)-both]" time="0.003" /><testcase classname="pandas.tests.generic.test_finalize" name="test_binops[or_-(DataFrame,Series)-left]" time="0.002" /><testcase classname="pandas.tests.generic.test_finalize" name="test_binops[or_-(DataFrame,Series)-right]" time="0.006"><skipped type="pytest.xfail" message="&lt;built-in function or_&gt; doesn't work when the objects are different Series has attrs" /></testcase><testcase classname="pandas.tests.generic.test_finalize" name="test_binops[or_-(DataFrame,Series)-both]" time="0.003" /><testcase classname="pandas.tests.generic.test_finalize" name="test_binops[ror_-(int,Series)-left]" time="0.001"><skipped type="pytest.skip" message="left is an int and doesn't support .attrs">/Users/gabriel/Documents/KTH4/DD2480 Software Engineering Fundamentals/Assignment 4/pandas/pandas/tests/generic/test_finalize.py:503: left is an int and doesn't support .attrs</skipped></testcase><testcase classname="pandas.tests.generic.test_finalize" name="test_binops[ror_-(int,Series)-right]" time="0.001" /><testcase classname="pandas.tests.generic.test_finalize" name="test_binops[ror_-(int,Series)-both]" time="0.001" /><testcase classname="pandas.tests.generic.test_finalize" name="test_binops[ror_-(int,DataFrame)-left]" time="0.001"><skipped type="pytest.skip" message="left is an int and doesn't support .attrs">/Users/gabriel/Documents/KTH4/DD2480 Software Engineering Fundamentals/Assignment 4/pandas/pandas/tests/generic/test_finalize.py:503: left is an int and doesn't support .attrs</skipped></testcase><testcase classname="pandas.tests.generic.test_finalize" name="test_binops[ror_-(int,DataFrame)-right]" time="0.001" /><testcase classname="pandas.tests.generic.test_finalize" name="test_binops[ror_-(int,DataFrame)-both]" time="0.001" /><testcase classname="pandas.tests.generic.test_finalize" name="test_binops[ror_-(Series,int)-left]" time="0.001" /><testcase classname="pandas.tests.generic.test_finalize" name="test_binops[ror_-(Series,int)-right]" time="0.001"><skipped type="pytest.skip" message="right is an int and doesn't support .attrs">/Users/gabriel/Documents/KTH4/DD2480 Software Engineering Fundamentals/Assignment 4/pandas/pandas/tests/generic/test_finalize.py:505: right is an int and doesn't support .attrs</skipped></testcase><testcase classname="pandas.tests.generic.test_finalize" name="test_binops[ror_-(Series,int)-both]" time="0.001" /><testcase classname="pandas.tests.generic.test_finalize" name="test_binops[ror_-(DataFrame,int)-left]" time="0.001" /><testcase classname="pandas.tests.generic.test_finalize" name="test_binops[ror_-(DataFrame,int)-right]" time="0.001"><skipped type="pytest.skip" message="right is an int and doesn't support .attrs">/Users/gabriel/Documents/KTH4/DD2480 Software Engineering Fundamentals/Assignment 4/pandas/pandas/tests/generic/test_finalize.py:505: right is an int and doesn't support .attrs</skipped></testcase><testcase classname="pandas.tests.generic.test_finalize" name="test_binops[ror_-(DataFrame,int)-both]" time="0.002" /><testcase classname="pandas.tests.generic.test_finalize" name="test_binops[ror_-(Series,Series)-left]" time="0.002"><failure message="AssertionError: assert {} == {'a': 1}&#10;  Right contains 1 more item:&#10;  {'a': 1}&#10;  Use -v to get more diff">request = &lt;FixtureRequest for &lt;Function test_binops[ror_-(Series,Series)-left]&gt;&gt;, args = (0    1
dtype: int64, 0    1
dtype: int64), annotate = 'left'
all_binary_operators = &lt;function ror_ at 0x7fb91b30cc10&gt;

    @pytest.mark.parametrize("annotate", ["left", "right", "both"])
    @pytest.mark.parametrize(
        "args",
        [
            (1, pd.Series([1])),
            (1, pd.DataFrame({"A": [1]})),
            (pd.Series([1]), 1),
            (pd.DataFrame({"A": [1]}), 1),
            (pd.Series([1]), pd.Series([1])),
            (pd.DataFrame({"A": [1]}), pd.DataFrame({"A": [1]})),
            (pd.Series([1]), pd.DataFrame({"A": [1]})),
            (pd.DataFrame({"A": [1]}), pd.Series([1])),
        ],
        ids=lambda x: f"({type(x[0]).__name__},{type(x[1]).__name__})",
    )
    def test_binops(request, args, annotate, all_binary_operators):
        # This generates 624 tests... Is that needed?
        left, right = args
        if isinstance(left, (pd.DataFrame, pd.Series)):
            left.attrs = {}
        if isinstance(right, (pd.DataFrame, pd.Series)):
            right.attrs = {}
    
        if annotate == "left" and isinstance(left, int):
            pytest.skip("left is an int and doesn't support .attrs")
        if annotate == "right" and isinstance(right, int):
            pytest.skip("right is an int and doesn't support .attrs")
    
        if not (isinstance(left, int) or isinstance(right, int)) and annotate != "both":
            if not all_binary_operators.__name__.startswith("r"):
                """ if annotate == "right" and isinstance(left, type(right)):
                    request.node.add_marker(
                        pytest.mark.xfail(
                            reason=f"{all_binary_operators} doesn't work when right has "
                            f"attrs and both are {type(left)}"
                        )
                    ) """
                if not isinstance(left, type(right)):
                    if annotate == "left" and isinstance(left, pd.Series):
                        request.node.add_marker(
                            pytest.mark.xfail(
                                reason=f"{all_binary_operators} doesn't work when the "
                                "objects are different Series has attrs"
                            )
                        )
                    elif annotate == "right" and isinstance(right, pd.Series):
                        request.node.add_marker(
                            pytest.mark.xfail(
                                reason=f"{all_binary_operators} doesn't work when the "
                                "objects are different Series has attrs"
                            )
                        )
            else:
                """ if annotate == "left" and isinstance(left, type(right)):
                    request.node.add_marker(
                        pytest.mark.xfail(
                            reason=f"{all_binary_operators} doesn't work when left has "
                            f"attrs and both are {type(left)}"
                        )
                    ) """
                if not isinstance(left, type(right)):
                    if annotate == "right" and isinstance(right, pd.Series):
                        request.node.add_marker(
                            pytest.mark.xfail(
                                reason=f"{all_binary_operators} doesn't work when the "
                                "objects are different Series has attrs"
                            )
                        )
                    elif annotate == "left" and isinstance(left, pd.Series):
                        request.node.add_marker(
                            pytest.mark.xfail(
                                reason=f"{all_binary_operators} doesn't work when the "
                                "objects are different Series has attrs"
                            )
                        )
        if annotate in {"left", "both"} and not isinstance(left, int):
            left.attrs = {"a": 1}
        if annotate in {"right", "both"} and not isinstance(right, int):
            right.attrs = {"a": 1}
    
        is_cmp = all_binary_operators in [
            operator.eq,
            operator.ne,
            operator.gt,
            operator.ge,
            operator.lt,
            operator.le,
        ]
        if is_cmp and isinstance(left, pd.DataFrame) and isinstance(right, pd.Series):
            # in 2.0 silent alignment on comparisons was removed xref GH#28759
            left, right = left.align(right, axis=1, copy=False)
        elif is_cmp and isinstance(left, pd.Series) and isinstance(right, pd.DataFrame):
            right, left = right.align(left, axis=1, copy=False)
    
        result = all_binary_operators(left, right)
&gt;       assert result.attrs == {"a": 1}
E       AssertionError: assert {} == {'a': 1}
E         Right contains 1 more item:
E         {'a': 1}
E         Use -v to get more diff

pandas/tests/generic/test_finalize.py:574: AssertionError</failure></testcase><testcase classname="pandas.tests.generic.test_finalize" name="test_binops[ror_-(Series,Series)-right]" time="0.001" /><testcase classname="pandas.tests.generic.test_finalize" name="test_binops[ror_-(Series,Series)-both]" time="0.001" /><testcase classname="pandas.tests.generic.test_finalize" name="test_binops[ror_-(DataFrame,DataFrame)-left]" time="0.004"><failure message="AssertionError: assert {} == {'a': 1}&#10;  Right contains 1 more item:&#10;  {'a': 1}&#10;  Use -v to get more diff">request = &lt;FixtureRequest for &lt;Function test_binops[ror_-(DataFrame,DataFrame)-left]&gt;&gt;, args = (   A
0  1,    A
0  1), annotate = 'left', all_binary_operators = &lt;function ror_ at 0x7fb91b30cc10&gt;

    @pytest.mark.parametrize("annotate", ["left", "right", "both"])
    @pytest.mark.parametrize(
        "args",
        [
            (1, pd.Series([1])),
            (1, pd.DataFrame({"A": [1]})),
            (pd.Series([1]), 1),
            (pd.DataFrame({"A": [1]}), 1),
            (pd.Series([1]), pd.Series([1])),
            (pd.DataFrame({"A": [1]}), pd.DataFrame({"A": [1]})),
            (pd.Series([1]), pd.DataFrame({"A": [1]})),
            (pd.DataFrame({"A": [1]}), pd.Series([1])),
        ],
        ids=lambda x: f"({type(x[0]).__name__},{type(x[1]).__name__})",
    )
    def test_binops(request, args, annotate, all_binary_operators):
        # This generates 624 tests... Is that needed?
        left, right = args
        if isinstance(left, (pd.DataFrame, pd.Series)):
            left.attrs = {}
        if isinstance(right, (pd.DataFrame, pd.Series)):
            right.attrs = {}
    
        if annotate == "left" and isinstance(left, int):
            pytest.skip("left is an int and doesn't support .attrs")
        if annotate == "right" and isinstance(right, int):
            pytest.skip("right is an int and doesn't support .attrs")
    
        if not (isinstance(left, int) or isinstance(right, int)) and annotate != "both":
            if not all_binary_operators.__name__.startswith("r"):
                """ if annotate == "right" and isinstance(left, type(right)):
                    request.node.add_marker(
                        pytest.mark.xfail(
                            reason=f"{all_binary_operators} doesn't work when right has "
                            f"attrs and both are {type(left)}"
                        )
                    ) """
                if not isinstance(left, type(right)):
                    if annotate == "left" and isinstance(left, pd.Series):
                        request.node.add_marker(
                            pytest.mark.xfail(
                                reason=f"{all_binary_operators} doesn't work when the "
                                "objects are different Series has attrs"
                            )
                        )
                    elif annotate == "right" and isinstance(right, pd.Series):
                        request.node.add_marker(
                            pytest.mark.xfail(
                                reason=f"{all_binary_operators} doesn't work when the "
                                "objects are different Series has attrs"
                            )
                        )
            else:
                """ if annotate == "left" and isinstance(left, type(right)):
                    request.node.add_marker(
                        pytest.mark.xfail(
                            reason=f"{all_binary_operators} doesn't work when left has "
                            f"attrs and both are {type(left)}"
                        )
                    ) """
                if not isinstance(left, type(right)):
                    if annotate == "right" and isinstance(right, pd.Series):
                        request.node.add_marker(
                            pytest.mark.xfail(
                                reason=f"{all_binary_operators} doesn't work when the "
                                "objects are different Series has attrs"
                            )
                        )
                    elif annotate == "left" and isinstance(left, pd.Series):
                        request.node.add_marker(
                            pytest.mark.xfail(
                                reason=f"{all_binary_operators} doesn't work when the "
                                "objects are different Series has attrs"
                            )
                        )
        if annotate in {"left", "both"} and not isinstance(left, int):
            left.attrs = {"a": 1}
        if annotate in {"right", "both"} and not isinstance(right, int):
            right.attrs = {"a": 1}
    
        is_cmp = all_binary_operators in [
            operator.eq,
            operator.ne,
            operator.gt,
            operator.ge,
            operator.lt,
            operator.le,
        ]
        if is_cmp and isinstance(left, pd.DataFrame) and isinstance(right, pd.Series):
            # in 2.0 silent alignment on comparisons was removed xref GH#28759
            left, right = left.align(right, axis=1, copy=False)
        elif is_cmp and isinstance(left, pd.Series) and isinstance(right, pd.DataFrame):
            right, left = right.align(left, axis=1, copy=False)
    
        result = all_binary_operators(left, right)
&gt;       assert result.attrs == {"a": 1}
E       AssertionError: assert {} == {'a': 1}
E         Right contains 1 more item:
E         {'a': 1}
E         Use -v to get more diff

pandas/tests/generic/test_finalize.py:574: AssertionError</failure></testcase><testcase classname="pandas.tests.generic.test_finalize" name="test_binops[ror_-(DataFrame,DataFrame)-right]" time="0.001" /><testcase classname="pandas.tests.generic.test_finalize" name="test_binops[ror_-(DataFrame,DataFrame)-both]" time="0.002" /><testcase classname="pandas.tests.generic.test_finalize" name="test_binops[ror_-(Series,DataFrame)-left]" time="0.006"><skipped type="pytest.xfail" message="&lt;function ror_ at 0x7fb91b30cc10&gt; doesn't work when the objects are different Series has attrs" /></testcase><testcase classname="pandas.tests.generic.test_finalize" name="test_binops[ror_-(Series,DataFrame)-right]" time="0.003" /><testcase classname="pandas.tests.generic.test_finalize" name="test_binops[ror_-(Series,DataFrame)-both]" time="0.003" /><testcase classname="pandas.tests.generic.test_finalize" name="test_binops[ror_-(DataFrame,Series)-left]" time="0.003" /><testcase classname="pandas.tests.generic.test_finalize" name="test_binops[ror_-(DataFrame,Series)-right]" time="0.006"><skipped type="pytest.xfail" message="&lt;function ror_ at 0x7fb91b30cc10&gt; doesn't work when the objects are different Series has attrs" /></testcase><testcase classname="pandas.tests.generic.test_finalize" name="test_binops[ror_-(DataFrame,Series)-both]" time="0.003" /></testsuite></testsuites>